# JRE version: OpenJDK Runtime Environment Temurin-21.0.9+10 (21.0.9+10) (build 21.0.9+10-LTS)
# Java VM: OpenJDK 64-Bit Server VM Temurin-21.0.9+10 (21.0.9+10-LTS, mixed mode, sharing, tiered, compressed oops, compressed class ptrs, parallel gc, windows-amd64)
GC Precious Log:
 CardTable entry size: 512
 CPUs: 8 total, 8 available
 Memory: 7975M
 Large Page Support: Disabled
 NUMA Support: Disabled
 Compressed Oops: Enabled (32-bit)
 Alignments: Space 512K, Generation 512K, Heap 2M
 Heap Min Capacity: 100M
 Heap Initial Capacity: 100M
 Heap Max Capacity: 2G
 Pre-touch: Disabled
 Parallel Workers: 8
Heap:
 PSYoungGen      total 2048K, used 1310K [0x00000000d5580000, 0x00000000d5880000, 0x0000000100000000)
  eden space 1536K, 66% used [0x00000000d5580000,0x00000000d567f9d8,0x00000000d5700000)
  from space 512K, 56% used [0x00000000d5780000,0x00000000d57c8000,0x00000000d5800000)
  to   space 512K, 0% used [0x00000000d5800000,0x00000000d5800000,0x00000000d5880000)
 ParOldGen       total 215552K, used 215091K [0x0000000080000000, 0x000000008d280000, 0x00000000d5580000)
  object space 215552K, 99% used [0x0000000080000000,0x000000008d20cce0,0x000000008d280000)
 Metaspace       used 76035K, committed 77632K, reserved 1179648K
  class space    used 8029K, committed 8768K, reserved 1048576K
GC Heap History (20 events):
Event: 110.756 GC heap before
{Heap before GC invocations=429 (full 3):
 PSYoungGen      total 2048K, used 1745K [0x00000000d5580000, 0x00000000d5880000, 0x0000000100000000)
  eden space 1536K, 99% used [0x00000000d5580000,0x00000000d56fc660,0x00000000d5700000)
  from space 512K, 43% used [0x00000000d5780000,0x00000000d57b8000,0x00000000d5800000)
  to   space 512K, 0% used [0x00000000d5800000,0x00000000d5800000,0x00000000d5880000)
 ParOldGen       total 214528K, used 214284K [0x0000000080000000, 0x000000008d180000, 0x00000000d5580000)
  object space 214528K, 99% used [0x0000000080000000,0x000000008d1433e0,0x000000008d180000)
 Metaspace       used 75569K, committed 77248K, reserved 1179648K
  class space    used 7989K, committed 8768K, reserved 1048576K
}
Event: 110.757 GC heap after
{Heap after GC invocations=429 (full 3):
 PSYoungGen      total 2048K, used 192K [0x00000000d5580000, 0x00000000d5880000, 0x0000000100000000)
  eden space 1536K, 0% used [0x00000000d5580000,0x00000000d5580000,0x00000000d5700000)
  from space 512K, 37% used [0x00000000d5800000,0x00000000d5830000,0x00000000d5880000)
  to   space 512K, 0% used [0x00000000d5780000,0x00000000d5780000,0x00000000d5800000)
 ParOldGen       total 214528K, used 214372K [0x0000000080000000, 0x000000008d180000, 0x00000000d5580000)
  object space 214528K, 99% used [0x0000000080000000,0x000000008d1593e0,0x000000008d180000)
 Metaspace       used 75569K, committed 77248K, reserved 1179648K
  class space    used 7989K, committed 8768K, reserved 1048576K
}
Event: 110.784 GC heap before
{Heap before GC invocations=430 (full 3):
 PSYoungGen      total 2048K, used 1727K [0x00000000d5580000, 0x00000000d5880000, 0x0000000100000000)
  eden space 1536K, 99% used [0x00000000d5580000,0x00000000d56ffff0,0x00000000d5700000)
  from space 512K, 37% used [0x00000000d5800000,0x00000000d5830000,0x00000000d5880000)
  to   space 512K, 0% used [0x00000000d5780000,0x00000000d5780000,0x00000000d5800000)
 ParOldGen       total 214528K, used 214372K [0x0000000080000000, 0x000000008d180000, 0x00000000d5580000)
  object space 214528K, 99% used [0x0000000080000000,0x000000008d1593e0,0x000000008d180000)
 Metaspace       used 75591K, committed 77248K, reserved 1179648K
  class space    used 7991K, committed 8768K, reserved 1048576K
}
Event: 110.785 GC heap after
{Heap after GC invocations=430 (full 3):
 PSYoungGen      total 2048K, used 272K [0x00000000d5580000, 0x00000000d5880000, 0x0000000100000000)
  eden space 1536K, 0% used [0x00000000d5580000,0x00000000d5580000,0x00000000d5700000)
  from space 512K, 53% used [0x00000000d5780000,0x00000000d57c4010,0x00000000d5800000)
  to   space 512K, 0% used [0x00000000d5800000,0x00000000d5800000,0x00000000d5880000)
 ParOldGen       total 214528K, used 214420K [0x0000000080000000, 0x000000008d180000, 0x00000000d5580000)
  object space 214528K, 99% used [0x0000000080000000,0x000000008d1653e0,0x000000008d180000)
 Metaspace       used 75591K, committed 77248K, reserved 1179648K
  class space    used 7991K, committed 8768K, reserved 1048576K
}
Event: 110.806 GC heap before
{Heap before GC invocations=431 (full 3):
 PSYoungGen      total 2048K, used 1808K [0x00000000d5580000, 0x00000000d5880000, 0x0000000100000000)
  eden space 1536K, 100% used [0x00000000d5580000,0x00000000d5700000,0x00000000d5700000)
  from space 512K, 53% used [0x00000000d5780000,0x00000000d57c4010,0x00000000d5800000)
  to   space 512K, 0% used [0x00000000d5800000,0x00000000d5800000,0x00000000d5880000)
 ParOldGen       total 214528K, used 214420K [0x0000000080000000, 0x000000008d180000, 0x00000000d5580000)
  object space 214528K, 99% used [0x0000000080000000,0x000000008d1653e0,0x000000008d180000)
 Metaspace       used 75628K, committed 77312K, reserved 1179648K
  class space    used 7992K, committed 8768K, reserved 1048576K
}
Event: 110.808 GC heap after
{Heap after GC invocations=431 (full 3):
 PSYoungGen      total 2048K, used 288K [0x00000000d5580000, 0x00000000d5880000, 0x0000000100000000)
  eden space 1536K, 0% used [0x00000000d5580000,0x00000000d5580000,0x00000000d5700000)
  from space 512K, 56% used [0x00000000d5800000,0x00000000d5848020,0x00000000d5880000)
  to   space 512K, 0% used [0x00000000d5780000,0x00000000d5780000,0x00000000d5800000)
 ParOldGen       total 215040K, used 214532K [0x0000000080000000, 0x000000008d200000, 0x00000000d5580000)
  object space 215040K, 99% used [0x0000000080000000,0x000000008d1813f0,0x000000008d200000)
 Metaspace       used 75628K, committed 77312K, reserved 1179648K
  class space    used 7992K, committed 8768K, reserved 1048576K
}
Event: 110.888 GC heap before
{Heap before GC invocations=432 (full 3):
 PSYoungGen      total 2048K, used 1824K [0x00000000d5580000, 0x00000000d5880000, 0x0000000100000000)
  eden space 1536K, 100% used [0x00000000d5580000,0x00000000d5700000,0x00000000d5700000)
  from space 512K, 56% used [0x00000000d5800000,0x00000000d5848020,0x00000000d5880000)
  to   space 512K, 0% used [0x00000000d5780000,0x00000000d5780000,0x00000000d5800000)
 ParOldGen       total 215040K, used 214532K [0x0000000080000000, 0x000000008d200000, 0x00000000d5580000)
  object space 215040K, 99% used [0x0000000080000000,0x000000008d1813f0,0x000000008d200000)
 Metaspace       used 75667K, committed 77312K, reserved 1179648K
  class space    used 7997K, committed 8768K, reserved 1048576K
}
Event: 110.892 GC heap after
{Heap after GC invocations=432 (full 3):
 PSYoungGen      total 2048K, used 288K [0x00000000d5580000, 0x00000000d5880000, 0x0000000100000000)
  eden space 1536K, 0% used [0x00000000d5580000,0x00000000d5580000,0x00000000d5700000)
  from space 512K, 56% used [0x00000000d5780000,0x00000000d57c8000,0x00000000d5800000)
  to   space 512K, 0% used [0x00000000d5800000,0x00000000d5800000,0x00000000d5880000)
 ParOldGen       total 215040K, used 214669K [0x0000000080000000, 0x000000008d200000, 0x00000000d5580000)
  object space 215040K, 99% used [0x0000000080000000,0x000000008d1a3410,0x000000008d200000)
 Metaspace       used 75667K, committed 77312K, reserved 1179648K
  class space    used 7997K, committed 8768K, reserved 1048576K
}
Event: 110.928 GC heap before
{Heap before GC invocations=433 (full 3):
 PSYoungGen      total 2048K, used 1824K [0x00000000d5580000, 0x00000000d5880000, 0x0000000100000000)
  eden space 1536K, 100% used [0x00000000d5580000,0x00000000d5700000,0x00000000d5700000)
  from space 512K, 56% used [0x00000000d5780000,0x00000000d57c8000,0x00000000d5800000)
  to   space 512K, 0% used [0x00000000d5800000,0x00000000d5800000,0x00000000d5880000)
 ParOldGen       total 215040K, used 214669K [0x0000000080000000, 0x000000008d200000, 0x00000000d5580000)
  object space 215040K, 99% used [0x0000000080000000,0x000000008d1a3410,0x000000008d200000)
 Metaspace       used 75684K, committed 77312K, reserved 1179648K
  class space    used 7998K, committed 8768K, reserved 1048576K
}
Event: 110.930 GC heap after
{Heap after GC invocations=433 (full 3):
 PSYoungGen      total 2048K, used 256K [0x00000000d5580000, 0x00000000d5880000, 0x0000000100000000)
  eden space 1536K, 0% used [0x00000000d5580000,0x00000000d5580000,0x00000000d5700000)
  from space 512K, 50% used [0x00000000d5800000,0x00000000d5840000,0x00000000d5880000)
  to   space 512K, 0% used [0x00000000d5780000,0x00000000d5780000,0x00000000d5800000)
 ParOldGen       total 215040K, used 214755K [0x0000000080000000, 0x000000008d200000, 0x00000000d5580000)
  object space 215040K, 99% used [0x0000000080000000,0x000000008d1b8ce0,0x000000008d200000)
 Metaspace       used 75684K, committed 77312K, reserved 1179648K
  class space    used 7998K, committed 8768K, reserved 1048576K
}
Event: 110.949 GC heap before
{Heap before GC invocations=434 (full 3):
 PSYoungGen      total 2048K, used 1792K [0x00000000d5580000, 0x00000000d5880000, 0x0000000100000000)
  eden space 1536K, 100% used [0x00000000d5580000,0x00000000d5700000,0x00000000d5700000)
  from space 512K, 50% used [0x00000000d5800000,0x00000000d5840000,0x00000000d5880000)
  to   space 512K, 0% used [0x00000000d5780000,0x00000000d5780000,0x00000000d5800000)
 ParOldGen       total 215040K, used 214755K [0x0000000080000000, 0x000000008d200000, 0x00000000d5580000)
  object space 215040K, 99% used [0x0000000080000000,0x000000008d1b8ce0,0x000000008d200000)
 Metaspace       used 75697K, committed 77376K, reserved 1179648K
  class space    used 7999K, committed 8768K, reserved 1048576K
}
Event: 110.951 GC heap after
{Heap after GC invocations=434 (full 3):
 PSYoungGen      total 2048K, used 320K [0x00000000d5580000, 0x00000000d5880000, 0x0000000100000000)
  eden space 1536K, 0% used [0x00000000d5580000,0x00000000d5580000,0x00000000d5700000)
  from space 512K, 62% used [0x00000000d5780000,0x00000000d57d0000,0x00000000d5800000)
  to   space 512K, 0% used [0x00000000d5800000,0x00000000d5800000,0x00000000d5880000)
 ParOldGen       total 215040K, used 214819K [0x0000000080000000, 0x000000008d200000, 0x00000000d5580000)
  object space 215040K, 99% used [0x0000000080000000,0x000000008d1c8ce0,0x000000008d200000)
 Metaspace       used 75697K, committed 77376K, reserved 1179648K
  class space    used 7999K, committed 8768K, reserved 1048576K
}
Event: 111.015 GC heap before
{Heap before GC invocations=435 (full 3):
 PSYoungGen      total 2048K, used 1856K [0x00000000d5580000, 0x00000000d5880000, 0x0000000100000000)
  eden space 1536K, 100% used [0x00000000d5580000,0x00000000d5700000,0x00000000d5700000)
  from space 512K, 62% used [0x00000000d5780000,0x00000000d57d0000,0x00000000d5800000)
  to   space 512K, 0% used [0x00000000d5800000,0x00000000d5800000,0x00000000d5880000)
 ParOldGen       total 215040K, used 214819K [0x0000000080000000, 0x000000008d200000, 0x00000000d5580000)
  object space 215040K, 99% used [0x0000000080000000,0x000000008d1c8ce0,0x000000008d200000)
 Metaspace       used 75713K, committed 77376K, reserved 1179648K
  class space    used 8000K, committed 8768K, reserved 1048576K
}
Event: 111.016 GC heap after
{Heap after GC invocations=435 (full 3):
 PSYoungGen      total 2048K, used 192K [0x00000000d5580000, 0x00000000d5880000, 0x0000000100000000)
  eden space 1536K, 0% used [0x00000000d5580000,0x00000000d5580000,0x00000000d5700000)
  from space 512K, 37% used [0x00000000d5800000,0x00000000d5830000,0x00000000d5880000)
  to   space 512K, 0% used [0x00000000d5780000,0x00000000d5780000,0x00000000d5800000)
 ParOldGen       total 215040K, used 214867K [0x0000000080000000, 0x000000008d200000, 0x00000000d5580000)
  object space 215040K, 99% used [0x0000000080000000,0x000000008d1d4ce0,0x000000008d200000)
 Metaspace       used 75713K, committed 77376K, reserved 1179648K
  class space    used 8000K, committed 8768K, reserved 1048576K
}
Event: 111.038 GC heap before
{Heap before GC invocations=436 (full 3):
 PSYoungGen      total 2048K, used 1728K [0x00000000d5580000, 0x00000000d5880000, 0x0000000100000000)
  eden space 1536K, 100% used [0x00000000d5580000,0x00000000d5700000,0x00000000d5700000)
  from space 512K, 37% used [0x00000000d5800000,0x00000000d5830000,0x00000000d5880000)
  to   space 512K, 0% used [0x00000000d5780000,0x00000000d5780000,0x00000000d5800000)
 ParOldGen       total 215040K, used 214867K [0x0000000080000000, 0x000000008d200000, 0x00000000d5580000)
  object space 215040K, 99% used [0x0000000080000000,0x000000008d1d4ce0,0x000000008d200000)
 Metaspace       used 75729K, committed 77376K, reserved 1179648K
  class space    used 8000K, committed 8768K, reserved 1048576K
}
Event: 111.040 GC heap after
{Heap after GC invocations=436 (full 3):
 PSYoungGen      total 2048K, used 224K [0x00000000d5580000, 0x00000000d5880000, 0x0000000100000000)
  eden space 1536K, 0% used [0x00000000d5580000,0x00000000d5580000,0x00000000d5700000)
  from space 512K, 43% used [0x00000000d5780000,0x00000000d57b8000,0x00000000d5800000)
  to   space 512K, 0% used [0x00000000d5800000,0x00000000d5800000,0x00000000d5880000)
 ParOldGen       total 215040K, used 214955K [0x0000000080000000, 0x000000008d200000, 0x00000000d5580000)
  object space 215040K, 99% used [0x0000000080000000,0x000000008d1eace0,0x000000008d200000)
 Metaspace       used 75729K, committed 77376K, reserved 1179648K
  class space    used 8000K, committed 8768K, reserved 1048576K
}
Event: 362.721 GC heap before
{Heap before GC invocations=437 (full 3):
 PSYoungGen      total 2048K, used 1748K [0x00000000d5580000, 0x00000000d5880000, 0x0000000100000000)
  eden space 1536K, 99% used [0x00000000d5580000,0x00000000d56fd268,0x00000000d5700000)
  from space 512K, 43% used [0x00000000d5780000,0x00000000d57b8000,0x00000000d5800000)
  to   space 512K, 0% used [0x00000000d5800000,0x00000000d5800000,0x00000000d5880000)
 ParOldGen       total 215040K, used 214955K [0x0000000080000000, 0x000000008d200000, 0x00000000d5580000)
  object space 215040K, 99% used [0x0000000080000000,0x000000008d1eace0,0x000000008d200000)
 Metaspace       used 75812K, committed 77504K, reserved 1179648K
  class space    used 8014K, committed 8768K, reserved 1048576K
}
Event: 362.805 GC heap after
{Heap after GC invocations=437 (full 3):
 PSYoungGen      total 2048K, used 225K [0x00000000d5580000, 0x00000000d5880000, 0x0000000100000000)
  eden space 1536K, 0% used [0x00000000d5580000,0x00000000d5580000,0x00000000d5700000)
  from space 512K, 44% used [0x00000000d5800000,0x00000000d5838540,0x00000000d5880000)
  to   space 512K, 0% used [0x00000000d5780000,0x00000000d5780000,0x00000000d5800000)
 ParOldGen       total 215040K, used 215019K [0x0000000080000000, 0x000000008d200000, 0x00000000d5580000)
  object space 215040K, 99% used [0x0000000080000000,0x000000008d1face0,0x000000008d200000)
 Metaspace       used 75812K, committed 77504K, reserved 1179648K
  class space    used 8014K, committed 8768K, reserved 1048576K
}
Event: 363.016 GC heap before
{Heap before GC invocations=438 (full 3):
 PSYoungGen      total 2048K, used 1745K [0x00000000d5580000, 0x00000000d5880000, 0x0000000100000000)
  eden space 1536K, 98% used [0x00000000d5580000,0x00000000d56fc188,0x00000000d5700000)
  from space 512K, 44% used [0x00000000d5800000,0x00000000d5838540,0x00000000d5880000)
  to   space 512K, 0% used [0x00000000d5780000,0x00000000d5780000,0x00000000d5800000)
 ParOldGen       total 215040K, used 215019K [0x0000000080000000, 0x000000008d200000, 0x00000000d5580000)
  object space 215040K, 99% used [0x0000000080000000,0x000000008d1face0,0x000000008d200000)
 Metaspace       used 75954K, committed 77632K, reserved 1179648K
  class space    used 8029K, committed 8768K, reserved 1048576K
}
Event: 363.017 GC heap after
{Heap after GC invocations=438 (full 3):
 PSYoungGen      total 2048K, used 288K [0x00000000d5580000, 0x00000000d5880000, 0x0000000100000000)
  eden space 1536K, 0% used [0x00000000d5580000,0x00000000d5580000,0x00000000d5700000)
  from space 512K, 56% used [0x00000000d5780000,0x00000000d57c8000,0x00000000d5800000)
  to   space 512K, 0% used [0x00000000d5800000,0x00000000d5800000,0x00000000d5880000)
 ParOldGen       total 215552K, used 215091K [0x0000000080000000, 0x000000008d280000, 0x00000000d5580000)
  object space 215552K, 99% used [0x0000000080000000,0x000000008d20cce0,0x000000008d280000)
 Metaspace       used 75954K, committed 77632K, reserved 1179648K
  class space    used 8029K, committed 8768K, reserved 1048576K
}

